<?xml version="1.0" encoding="UTF-8"?>
<!-- Generated by org.testng.reporters.JUnitReportReporter -->
<testsuite hostname="MSI" failures="0" tests="2" name="dmitry.tests.ErrorValidationsTest" time="16.930" errors="0" timestamp="2024-01-30T18:15:22 EST" skipped="0">
  <testcase classname="dmitry.tests.ErrorValidationsTest" name="noOtherItemsinCartValidation" time="7.322"/>
  <testcase classname="dmitry.tests.ErrorValidationsTest" name="loginErrorMessageValidation" time="9.608"/>
</testsuite> <!-- dmitry.tests.ErrorValidationsTest -->
