<?xml version="1.0" encoding="UTF-8"?>
<!-- Generated by org.testng.reporters.JUnitReportReporter -->
<testsuite hostname="MSI" failures="0" tests="2" name="dmitry.tests.ErrorValidations" time="25.504" errors="0" timestamp="2024-01-22T21:17:01 EST" skipped="0">
  <testcase classname="dmitry.tests.ErrorValidations" name="loginErrorMessageValidation" time="6.397"/>
  <testcase classname="dmitry.tests.ErrorValidations" name="cartHasOnlyAddedItemValidation" time="19.107"/>
</testsuite> <!-- dmitry.tests.ErrorValidations -->
