<?xml version="1.0" encoding="UTF-8"?>
<!-- Generated by org.testng.reporters.JUnitReportReporter -->
<testsuite hostname="MSI" failures="0" tests="3" name="dmitry.tests.SubmitOrderTest" time="26.369" errors="0" timestamp="2024-01-30T18:15:22 EST" skipped="0">
  <testcase classname="dmitry.tests.SubmitOrderTest" name="OrderHistoryTest" time="5.863"/>
  <testcase classname="dmitry.tests.SubmitOrderTest" name="submitOrder" time="12.162"/>
  <testcase classname="dmitry.tests.SubmitOrderTest" name="submitOrder" time="8.344"/>
</testsuite> <!-- dmitry.tests.SubmitOrderTest -->
