<?xml version="1.0" encoding="UTF-8"?>
<!-- Generated by org.testng.reporters.JUnitReportReporter -->
<testsuite hostname="MSI" failures="0" tests="2" name="dmitry.features.TestNGTestRunner" time="23.373" errors="0" timestamp="2024-01-30T20:39:13 EST" skipped="0">
  <testcase classname="dmitry.features.TestNGTestRunner" name="runScenario" time="10.843"/>
  <testcase classname="dmitry.features.TestNGTestRunner" name="runScenario" time="12.530"/>
</testsuite> <!-- dmitry.features.TestNGTestRunner -->
