<?xml version="1.0" encoding="UTF-8"?>
<!-- Generated by org.testng.reporters.JUnitReportReporter -->
<testsuite hostname="MSI" failures="0" tests="2" name="dmitry.tests.ErrorValidationsTest" time="14.530" errors="0" timestamp="2024-01-30T21:23:45 EST" skipped="0">
  <testcase classname="dmitry.tests.ErrorValidationsTest" name="loginErrorMessageValidation" time="7.034"/>
  <testcase classname="dmitry.tests.ErrorValidationsTest" name="noOtherItemsinCartValidation" time="7.496"/>
</testsuite> <!-- dmitry.tests.ErrorValidationsTest -->
