<?xml version="1.0" encoding="UTF-8"?>
<!-- Generated by org.testng.reporters.JUnitReportReporter -->
<testsuite hostname="MSI" failures="0" tests="3" name="dmitry.tests.SubmitOrderTest" time="30.081" errors="0" timestamp="2024-01-30T21:23:45 EST" skipped="0">
  <testcase classname="dmitry.tests.SubmitOrderTest" name="submitOrder" time="13.633"/>
  <testcase classname="dmitry.tests.SubmitOrderTest" name="submitOrder" time="10.079"/>
  <testcase classname="dmitry.tests.SubmitOrderTest" name="OrderHistoryTest" time="6.369"/>
</testsuite> <!-- dmitry.tests.SubmitOrderTest -->
